<?xml version="1.0" encoding="UTF-8"?>
<!-- Generated by org.testng.reporters.JUnitReportReporter -->
<testsuite skipped="0" hostname="capelrd64424445.inedc.corpintra.net" name="com.assignment.vl.tests.EmployeeTest" tests="4" failures="0" timestamp="2020-01-11T04:06:04 IST" time="218.969" errors="0">
  <testcase name="verifyErrorMessagesOnFillingIncompleteForm" time="5.514" classname="com.assignment.vl.tests.EmployeeTest"/>
  <testcase name="deleteEmployeeAndVerify" time="4.478" classname="com.assignment.vl.tests.EmployeeTest"/>
  <testcase name="verifyAdvertisementAppearsAfterEveryTwoEmployeesAdded" time="61.891" classname="com.assignment.vl.tests.EmployeeTest"/>
  <testcase name="Add_9_usersInALoopAndDelete_1_2_9_AndDismissAllAds" time="147.086" classname="com.assignment.vl.tests.EmployeeTest"/>
</testsuite> <!-- com.assignment.vl.tests.EmployeeTest -->
